# JRE version: Java(TM) SE Runtime Environment (8.0_101-b13) (build 1.8.0_101-b13)
# Java VM: Java HotSpot(TM) 64-Bit Server VM (25.101-b13 mixed mode linux-amd64 compressed oops)
Heap:
 PSYoungGen      total 136192K, used 120840K [0x00000000d6380000, 0x00000000ded80000, 0x0000000100000000)
  eden space 131072K, 88% used [0x00000000d6380000,0x00000000dd48cd70,0x00000000de380000)
  from space 5120K, 99% used [0x00000000de880000,0x00000000ded755b0,0x00000000ded80000)
  to   space 5120K, 0% used [0x00000000de380000,0x00000000de380000,0x00000000de880000)
 ParOldGen       total 86016K, used 34510K [0x0000000082a00000, 0x0000000087e00000, 0x00000000d6380000)
  object space 86016K, 40% used [0x0000000082a00000,0x0000000084bb3b50,0x0000000087e00000)
 Metaspace       used 2656K, capacity 4498K, committed 4864K, reserved 1056768K
  class space    used 276K, capacity 386K, committed 512K, reserved 1048576K
GC Heap History (8 events):
Event: 0.095 GC heap before
{Heap before GC invocations=1 (full 0):
 PSYoungGen      total 37888K, used 32082K [0x00000000d6380000, 0x00000000d8d80000, 0x0000000100000000)
  eden space 32768K, 97% used [0x00000000d6380000,0x00000000d82d4ba8,0x00000000d8380000)
  from space 5120K, 0% used [0x00000000d8880000,0x00000000d8880000,0x00000000d8d80000)
  to   space 5120K, 0% used [0x00000000d8380000,0x00000000d8380000,0x00000000d8880000)
 ParOldGen       total 86016K, used 0K [0x0000000082a00000, 0x0000000087e00000, 0x00000000d6380000)
  object space 86016K, 0% used [0x0000000082a00000,0x0000000082a00000,0x0000000087e00000)
 Metaspace       used 2522K, capacity 4494K, committed 4864K, reserved 1056768K
  class space    used 270K, capacity 386K, committed 512K, reserved 1048576K
Event: 0.158 GC heap after
Heap after GC invocations=1 (full 0):
 PSYoungGen      total 37888K, used 5089K [0x00000000d6380000, 0x00000000dad80000, 0x0000000100000000)
  eden space 32768K, 0% used [0x00000000d6380000,0x00000000d6380000,0x00000000d8380000)
  from space 5120K, 99% used [0x00000000d8380000,0x00000000d88784b0,0x00000000d8880000)
  to   space 5120K, 0% used [0x00000000da880000,0x00000000da880000,0x00000000dad80000)
 ParOldGen       total 86016K, used 26555K [0x0000000082a00000, 0x0000000087e00000, 0x00000000d6380000)
  object space 86016K, 30% used [0x0000000082a00000,0x00000000843eeda0,0x0000000087e00000)
 Metaspace       used 2522K, capacity 4494K, committed 4864K, reserved 1056768K
  class space    used 270K, capacity 386K, committed 512K, reserved 1048576K
}
Event: 0.221 GC heap before
{Heap before GC invocations=2 (full 0):
 PSYoungGen      total 37888K, used 37857K [0x00000000d6380000, 0x00000000dad80000, 0x0000000100000000)
  eden space 32768K, 100% used [0x00000000d6380000,0x00000000d8380000,0x00000000d8380000)
  from space 5120K, 99% used [0x00000000d8380000,0x00000000d88784b0,0x00000000d8880000)
  to   space 5120K, 0% used [0x00000000da880000,0x00000000da880000,0x00000000dad80000)
 ParOldGen       total 86016K, used 26555K [0x0000000082a00000, 0x0000000087e00000, 0x00000000d6380000)
  object space 86016K, 30% used [0x0000000082a00000,0x00000000843eeda0,0x0000000087e00000)
 Metaspace       used 2524K, capacity 4494K, committed 4864K, reserved 1056768K
  class space    used 270K, capacity 386K, committed 512K, reserved 1048576K
Event: 0.241 GC heap after
Heap after GC invocations=2 (full 0):
 PSYoungGen      total 70656K, used 5109K [0x00000000d6380000, 0x00000000dad80000, 0x0000000100000000)
  eden space 65536K, 0% used [0x00000000d6380000,0x00000000d6380000,0x00000000da380000)
  from space 5120K, 99% used [0x00000000da880000,0x00000000dad7d5b8,0x00000000dad80000)
  to   space 5120K, 0% used [0x00000000da380000,0x00000000da380000,0x00000000da880000)
 ParOldGen       total 86016K, used 30492K [0x0000000082a00000, 0x0000000087e00000, 0x00000000d6380000)
  object space 86016K, 35% used [0x0000000082a00000,0x00000000847c7230,0x0000000087e00000)
 Metaspace       used 2524K, capacity 4494K, committed 4864K, reserved 1056768K
  class space    used 270K, capacity 386K, committed 512K, reserved 1048576K
}
Event: 0.405 GC heap before
{Heap before GC invocations=3 (full 0):
 PSYoungGen      total 70656K, used 70645K [0x00000000d6380000, 0x00000000dad80000, 0x0000000100000000)
  eden space 65536K, 100% used [0x00000000d6380000,0x00000000da380000,0x00000000da380000)
  from space 5120K, 99% used [0x00000000da880000,0x00000000dad7d5b8,0x00000000dad80000)
  to   space 5120K, 0% used [0x00000000da380000,0x00000000da380000,0x00000000da880000)
 ParOldGen       total 86016K, used 30492K [0x0000000082a00000, 0x0000000087e00000, 0x00000000d6380000)
  object space 86016K, 35% used [0x0000000082a00000,0x00000000847c7230,0x0000000087e00000)
 Metaspace       used 2524K, capacity 4494K, committed 4864K, reserved 1056768K
  class space    used 270K, capacity 386K, committed 512K, reserved 1048576K
Event: 0.422 GC heap after
Heap after GC invocations=3 (full 0):
 PSYoungGen      total 70656K, used 5093K [0x00000000d6380000, 0x00000000ded80000, 0x0000000100000000)
  eden space 65536K, 0% used [0x00000000d6380000,0x00000000d6380000,0x00000000da380000)
  from space 5120K, 99% used [0x00000000da380000,0x00000000da8795c8,0x00000000da880000)
  to   space 5120K, 0% used [0x00000000de880000,0x00000000de880000,0x00000000ded80000)
 ParOldGen       total 86016K, used 30604K [0x0000000082a00000, 0x0000000087e00000, 0x00000000d6380000)
  object space 86016K, 35% used [0x0000000082a00000,0x00000000847e3230,0x0000000087e00000)
 Metaspace       used 2524K, capacity 4494K, committed 4864K, reserved 1056768K
  class space    used 270K, capacity 386K, committed 512K, reserved 1048576K
}
Event: 129.741 GC heap before
{Heap before GC invocations=4 (full 0):
 PSYoungGen      total 70656K, used 70629K [0x00000000d6380000, 0x00000000ded80000, 0x0000000100000000)
  eden space 65536K, 100% used [0x00000000d6380000,0x00000000da380000,0x00000000da380000)
  from space 5120K, 99% used [0x00000000da380000,0x00000000da8795c8,0x00000000da880000)
  to   space 5120K, 0% used [0x00000000de880000,0x00000000de880000,0x00000000ded80000)
 ParOldGen       total 86016K, used 30604K [0x0000000082a00000, 0x0000000087e00000, 0x00000000d6380000)
  object space 86016K, 35% used [0x0000000082a00000,0x00000000847e3230,0x0000000087e00000)
 Metaspace       used 2648K, capacity 4498K, committed 4864K, reserved 1056768K
  class space    used 275K, capacity 386K, committed 512K, reserved 1048576K
Event: 129.781 GC heap after
Heap after GC invocations=4 (full 0):
 PSYoungGen      total 136192K, used 5077K [0x00000000d6380000, 0x00000000ded80000, 0x0000000100000000)
  eden space 131072K, 0% used [0x00000000d6380000,0x00000000d6380000,0x00000000de380000)
  from space 5120K, 99% used [0x00000000de880000,0x00000000ded755b0,0x00000000ded80000)
  to   space 5120K, 0% used [0x00000000de380000,0x00000000de380000,0x00000000de880000)
 ParOldGen       total 86016K, used 34510K [0x0000000082a00000, 0x0000000087e00000, 0x00000000d6380000)
  object space 86016K, 40% used [0x0000000082a00000,0x0000000084bb3b50,0x0000000087e00000)
 Metaspace       used 2648K, capacity 4498K, committed 4864K, reserved 1056768K
  class space    used 275K, capacity 386K, committed 512K, reserved 1048576K
}

